Jan 29, 2016 4:39:57 PM edu.upenn.cis350.hwk1.Main MainMenu
INFO: Here are your options:
Jan 29, 2016 4:39:57 PM edu.upenn.cis350.hwk1.Main MainMenu
INFO: Find all courses taught by a specified instructor (Press 4)
Find the top five courses with the lowest difficulty-to-quality ratio across all offering (Press 5)
Find all courses at or above a specified quality rating across all offerings (Press 6)
Quit the program (Press Q)
Jan 29, 2016 4:39:59 PM edu.upenn.cis350.hwk1.Main main
INFO: 5
Jan 29, 2016 4:39:59 PM edu.upenn.cis350.hwk1.Main main
INFO: The Five Easiest Courses (Organzied by Quality:Difficulty Ratio Are : 
Jan 29, 2016 4:39:59 PM edu.upenn.cis350.hwk1.Main main
INFO: CIS-101-001: 0.49408284023668636
Jan 29, 2016 4:39:59 PM edu.upenn.cis350.hwk1.Main main
INFO: CIS-559-001: 0.5173501577287066
Jan 29, 2016 4:39:59 PM edu.upenn.cis350.hwk1.Main main
INFO: CIS-125-401: 0.5907753537375933
Jan 29, 2016 4:39:59 PM edu.upenn.cis350.hwk1.Main main
INFO: CIS-196-001: 0.5970608892970987
Jan 29, 2016 4:39:59 PM edu.upenn.cis350.hwk1.Main main
INFO: CIS-368-001: 0.6010928961748634
Jan 29, 2016 4:39:59 PM edu.upenn.cis350.hwk1.Main MainMenu
INFO: Here are your options:
Jan 29, 2016 4:39:59 PM edu.upenn.cis350.hwk1.Main MainMenu
INFO: Find all courses taught by a specified instructor (Press 4)
Find the top five courses with the lowest difficulty-to-quality ratio across all offering (Press 5)
Find all courses at or above a specified quality rating across all offerings (Press 6)
Quit the program (Press Q)
Jan 29, 2016 4:40:02 PM edu.upenn.cis350.hwk1.Main main
INFO: 4
Jan 29, 2016 4:40:02 PM edu.upenn.cis350.hwk1.Main main
INFO: Please enter the name of the instructor whose courses you want to see
Jan 29, 2016 4:40:04 PM edu.upenn.cis350.hwk1.Main main
INFO: The instructor you searched for is: rajiv
Jan 29, 2016 4:40:04 PM edu.upenn.cis350.hwk1.Main main
INFO: RAJIV GANDHI, CIS-121-001, CIS-160-001, CIS-320-001
Jan 29, 2016 4:40:04 PM edu.upenn.cis350.hwk1.Main MainMenu
INFO: Here are your options:
Jan 29, 2016 4:40:04 PM edu.upenn.cis350.hwk1.Main MainMenu
INFO: Find all courses taught by a specified instructor (Press 4)
Find the top five courses with the lowest difficulty-to-quality ratio across all offering (Press 5)
Find all courses at or above a specified quality rating across all offerings (Press 6)
Quit the program (Press Q)
Jan 29, 2016 4:40:07 PM edu.upenn.cis350.hwk1.Main main
INFO: 4
Jan 29, 2016 4:40:07 PM edu.upenn.cis350.hwk1.Main main
INFO: Please enter the name of the instructor whose courses you want to see
Jan 29, 2016 4:40:09 PM edu.upenn.cis350.hwk1.Main main
INFO: The instructor you searched for is: steve
Jan 29, 2016 4:40:09 PM edu.upenn.cis350.hwk1.Main main
INFO: 
Jan 29, 2016 4:40:09 PM edu.upenn.cis350.hwk1.Main MainMenu
INFO: Here are your options:
Jan 29, 2016 4:40:09 PM edu.upenn.cis350.hwk1.Main MainMenu
INFO: Find all courses taught by a specified instructor (Press 4)
Find the top five courses with the lowest difficulty-to-quality ratio across all offering (Press 5)
Find all courses at or above a specified quality rating across all offerings (Press 6)
Quit the program (Press Q)
Jan 29, 2016 4:40:24 PM edu.upenn.cis350.hwk1.Main main
INFO: 4
Jan 29, 2016 4:40:24 PM edu.upenn.cis350.hwk1.Main main
INFO: Please enter the name of the instructor whose courses you want to see
Jan 29, 2016 4:40:27 PM edu.upenn.cis350.hwk1.Main main
INFO: The instructor you searched for is: sanjeev
Jan 29, 2016 4:40:27 PM edu.upenn.cis350.hwk1.Main main
INFO: SANJEEV KHANNA, CIS-320-001, CIS-334-001, CIS-502-001, CIS-502-002, CIS-502-910, CIS-502-920
Jan 29, 2016 4:40:27 PM edu.upenn.cis350.hwk1.Main MainMenu
INFO: Here are your options:
Jan 29, 2016 4:40:27 PM edu.upenn.cis350.hwk1.Main MainMenu
INFO: Find all courses taught by a specified instructor (Press 4)
Find the top five courses with the lowest difficulty-to-quality ratio across all offering (Press 5)
Find all courses at or above a specified quality rating across all offerings (Press 6)
Quit the program (Press Q)
