Jan 29, 2016 3:50:52 PM edu.upenn.cis350.hwk1.Main MainMenu
INFO: Here are your options:
Jan 29, 2016 3:50:52 PM edu.upenn.cis350.hwk1.Main MainMenu
INFO: Find all courses taught by a specified instructor (Press 4)
Find the top five courses with the lowest difficulty-to-quality ratio across all offering (Press 5)
Find all courses at or above a specified quality rating across all offerings (Press 6)
Quit the program (Press Q)
Jan 29, 2016 3:50:53 PM edu.upenn.cis350.hwk1.Main main
INFO: 4
Jan 29, 2016 3:50:53 PM edu.upenn.cis350.hwk1.Main main
INFO: Please enter the name of the instructor whose courses you want to see
Jan 29, 2016 3:50:54 PM edu.upenn.cis350.hwk1.Main main
INFO: The instructor you searched for is: rajiv
Jan 29, 2016 3:50:54 PM edu.upenn.cis350.hwk1.Main main
INFO: RAJIV GANDHI, CIS-121-001, CIS-160-001, CIS-320-001
Jan 29, 2016 3:50:54 PM edu.upenn.cis350.hwk1.Main MainMenu
INFO: Here are your options:
Jan 29, 2016 3:50:54 PM edu.upenn.cis350.hwk1.Main MainMenu
INFO: Find all courses taught by a specified instructor (Press 4)
Find the top five courses with the lowest difficulty-to-quality ratio across all offering (Press 5)
Find all courses at or above a specified quality rating across all offerings (Press 6)
Quit the program (Press Q)
Jan 29, 2016 3:50:56 PM edu.upenn.cis350.hwk1.Main main
INFO: 5
Jan 29, 2016 3:50:56 PM edu.upenn.cis350.hwk1.Main main
INFO: The Five Easiest Courses (Organzied by Quality:Difficulty Ratio Are : 
Jan 29, 2016 3:50:56 PM edu.upenn.cis350.hwk1.Main main
INFO: CIS-101-001: 0.49408284023668636
Jan 29, 2016 3:50:56 PM edu.upenn.cis350.hwk1.Main main
INFO: CIS-399-001: 0.5682004930156123
Jan 29, 2016 3:50:56 PM edu.upenn.cis350.hwk1.Main main
INFO: CIS-399-001: 0.5830903790087463
Jan 29, 2016 3:50:56 PM edu.upenn.cis350.hwk1.Main main
INFO: CIS-125-401: 0.5907753537375933
Jan 29, 2016 3:50:56 PM edu.upenn.cis350.hwk1.Main main
INFO: CIS-196-001: 0.5970608892970987
Jan 29, 2016 3:50:56 PM edu.upenn.cis350.hwk1.Main MainMenu
INFO: Here are your options:
Jan 29, 2016 3:50:56 PM edu.upenn.cis350.hwk1.Main MainMenu
INFO: Find all courses taught by a specified instructor (Press 4)
Find the top five courses with the lowest difficulty-to-quality ratio across all offering (Press 5)
Find all courses at or above a specified quality rating across all offerings (Press 6)
Quit the program (Press Q)
Jan 29, 2016 3:50:58 PM edu.upenn.cis350.hwk1.Main main
INFO: 6
Jan 29, 2016 3:50:59 PM edu.upenn.cis350.hwk1.Main main
INFO: The courses with a quality rating above 3.5 are:
Jan 29, 2016 3:50:59 PM edu.upenn.cis350.hwk1.Main main
INFO: CIS-160-910, 3.5
Jan 29, 2016 3:50:59 PM edu.upenn.cis350.hwk1.Main main
INFO: CIS-534-001, 3.56
Jan 29, 2016 3:50:59 PM edu.upenn.cis350.hwk1.Main main
INFO: CIS-500-001, 3.63
Jan 29, 2016 3:50:59 PM edu.upenn.cis350.hwk1.Main main
INFO: CIS-399-001, 3.67
Jan 29, 2016 3:50:59 PM edu.upenn.cis350.hwk1.Main main
INFO: CIS-334-001, 3.6803508771929825
Jan 29, 2016 3:50:59 PM edu.upenn.cis350.hwk1.Main main
INFO: CSE-455-401, 3.6806521739130433
Jan 29, 2016 3:50:59 PM edu.upenn.cis350.hwk1.Main main
INFO: CIS-542-910, 3.71
Jan 29, 2016 3:50:59 PM edu.upenn.cis350.hwk1.Main main
INFO: CIS-399-003, 3.77
Jan 29, 2016 3:50:59 PM edu.upenn.cis350.hwk1.Main MainMenu
INFO: Here are your options:
Jan 29, 2016 3:50:59 PM edu.upenn.cis350.hwk1.Main MainMenu
INFO: Find all courses taught by a specified instructor (Press 4)
Find the top five courses with the lowest difficulty-to-quality ratio across all offering (Press 5)
Find all courses at or above a specified quality rating across all offerings (Press 6)
Quit the program (Press Q)
